TN:
SF:src/modules/users/services/AuthenticateUserService.ts
FN:21,AuthenticateUserService
FN:26,Object.<anonymous>.AuthenticateUserService.execute
FNF:2
FNH:2
FNDA:1,AuthenticateUserService
FNDA:1,Object.<anonymous>.AuthenticateUserService.execute
DA:1,1
DA:2,1
DA:3,1
DA:4,1
DA:5,1
DA:6,1
DA:7,1
DA:8,1
DA:9,1
DA:10,1
DA:11,1
DA:12,1
DA:13,1
DA:14,1
DA:15,1
DA:16,1
DA:17,1
DA:18,1
DA:19,1
DA:20,1
DA:21,1
DA:22,1
DA:23,1
DA:24,1
DA:25,1
DA:26,1
DA:27,1
DA:28,1
DA:29,1
DA:30,1
DA:31,1
DA:32,1
DA:33,0
DA:34,0
DA:35,1
DA:36,1
DA:37,1
DA:38,1
DA:39,0
DA:40,0
DA:41,1
DA:42,1
DA:43,1
DA:44,1
DA:45,1
DA:46,1
DA:47,1
DA:48,1
DA:49,1
DA:50,1
DA:51,1
DA:52,1
DA:53,1
LF:53
LH:49
BRDA:20,0,0,1
BRDA:21,1,0,1
BRDA:26,2,0,1
BRDA:30,3,0,1
BRDA:32,4,0,0
BRDA:38,5,0,0
BRF:6
BRH:4
end_of_record
TN:
SF:src/modules/users/services/CreateUserService.ts
FN:17,CreateUserService
FN:22,Object.<anonymous>.CreateUserService.execute
FNF:2
FNH:2
FNDA:3,CreateUserService
FNDA:4,Object.<anonymous>.CreateUserService.execute
DA:1,1
DA:2,1
DA:3,1
DA:4,1
DA:5,1
DA:6,1
DA:7,1
DA:8,1
DA:9,1
DA:10,1
DA:11,1
DA:12,1
DA:13,1
DA:14,1
DA:15,1
DA:16,2
DA:17,2
DA:18,3
DA:19,3
DA:20,3
DA:21,2
DA:22,2
DA:23,4
DA:24,4
DA:25,4
DA:26,4
DA:27,4
DA:28,4
DA:29,4
DA:30,4
DA:31,4
DA:32,1
DA:33,1
DA:34,3
DA:35,3
DA:36,4
DA:37,4
DA:38,4
DA:39,4
DA:40,4
DA:41,4
DA:42,4
DA:43,4
DA:44,4
DA:45,4
DA:46,4
DA:47,2
DA:48,1
DA:49,1
LF:49
LH:49
BRDA:16,0,0,2
BRDA:17,1,0,3
BRDA:22,2,0,4
BRDA:29,3,0,4
BRDA:31,4,0,1
BRDA:34,5,0,3
BRF:6
BRH:6
end_of_record
